c:\users\konst\source\repos\geeen\geeen\debug\vc142.pdb
c:\users\konst\source\repos\geeen\geeen\debug\vc142.idb
c:\users\konst\source\repos\geeen\geeen\debug\object.obj
c:\users\konst\source\repos\geeen\geeen\debug\geeen.obj
c:\users\konst\source\repos\geeen\geeen\debug\type.obj
c:\users\konst\source\repos\geeen\geeen\debug\number.obj
c:\users\konst\source\repos\geeen\geeen\debug\main.obj
c:\users\konst\source\repos\geeen\geeen\debug\qsign.obj
c:\users\konst\source\repos\geeen\geeen\debug\osign.obj
c:\users\konst\source\repos\geeen\geeen\debug\variablename.obj
c:\users\konst\source\repos\geeen\geeen\debug\equalsign.obj
c:\users\konst\source\repos\geeen\geeen\debug\space.obj
c:\users\konst\source\repos\geeen\debug\geeen.exe
c:\users\konst\source\repos\geeen\debug\geeen.ilk
c:\users\konst\source\repos\geeen\debug\geeen.pdb
c:\users\konst\source\repos\geeen\geeen\debug\geeen.tlog\cl.command.1.tlog
c:\users\konst\source\repos\geeen\geeen\debug\geeen.tlog\cl.read.1.tlog
c:\users\konst\source\repos\geeen\geeen\debug\geeen.tlog\cl.write.1.tlog
c:\users\konst\source\repos\geeen\geeen\debug\geeen.tlog\link.command.1.tlog
c:\users\konst\source\repos\geeen\geeen\debug\geeen.tlog\link.read.1.tlog
c:\users\konst\source\repos\geeen\geeen\debug\geeen.tlog\link.write.1.tlog
